#
# There is insufficient memory for the Java Runtime Environment to continue.
# Native memory allocation (mmap) failed to map 134217728 bytes for G1 virtual space
# Possible reasons:
#   The system is out of physical RAM or swap space
#   The process is running with CompressedOops enabled, and the Java Heap may be blocking the growth of the native heap
# Possible solutions:
#   Reduce memory load on the system
#   Increase physical memory or swap space
#   Check if swap backing store is full
#   Decrease Java heap size (-Xmx/-Xms)
#   Decrease number of Java threads
#   Decrease Java thread stack sizes (-Xss)
#   Set larger code cache with -XX:ReservedCodeCacheSize=
#   JVM is running with Unscaled Compressed Oops mode in which the Java heap is
#     placed in the first 4GB address space. The Java Heap base address is the
#     maximum limit for the native heap growth. Please use -XX:HeapBaseMinAddress
#     to set the Java Heap base and to place the Java Heap above 4GB virtual address.
# This output file may be truncated or incomplete.
#
#  Out of Memory Error (os_windows.cpp:3769), pid=13716, tid=7512
#
# JRE version:  (17.0.6+10) (build )
# Java VM: OpenJDK 64-Bit Server VM (17.0.6+10-b829.5, mixed mode, sharing, tiered, compressed oops, compressed class ptrs, g1 gc, windows-amd64)
# No core dump will be written. Minidumps are not enabled by default on client versions of Windows
#

---------------  S U M M A R Y ------------

Command Line: git4idea.http.GitAskPassApp Username for 'https://github.com': 

Host: Intel(R) Core(TM) i5-6200U CPU @ 2.30GHz, 4 cores, 7G,  Windows 11 , 64 bit Build 22621 (10.0.22621.1485)
Time: Thu Apr 20 11:20:15 2023  Windows 11 , 64 bit Build 22621 (10.0.22621.1485) elapsed time: 0.028954 seconds (0d 0h 0m 0s)

---------------  T H R E A D  ---------------

Current thread (0x00000186796be090):  JavaThread "Unknown thread" [_thread_in_vm, id=7512, stack(0x00000077bbc00000,0x00000077bbd00000)]

Stack: [0x00000077bbc00000,0x00000077bbd00000]
Native frames: (J=compiled Java code, j=interpreted, Vv=VM code, C=native code)
V  [jvm.dll+0x683b4a]
V  [jvm.dll+0x842654]
V  [jvm.dll+0x843dfe]
V  [jvm.dll+0x844463]
V  [jvm.dll+0x249b75]
V  [jvm.dll+0x680a19]
V  [jvm.dll+0x674f0a]
V  [jvm.dll+0x309acb]
V  [jvm.dll+0x310f86]
V  [jvm.dll+0x3608ee]
V  [jvm.dll+0x360b1f]
V  [jvm.dll+0x2dfbf8]
V  [jvm.dll+0x2e0b64]
V  [jvm.dll+0x813f41]
V  [jvm.dll+0x36e6a1]
V  [jvm.dll+0x7f347c]
V  [jvm.dll+0x3f0e8f]
V  [jvm.dll+0x3f29d1]
C  [jli.dll+0x526b]
C  [ucrtbase.dll+0x29363]
C  [KERNEL32.DLL+0x1269d]
C  [ntdll.dll+0x5a9f8]


---------------  P R O C E S S  ---------------

Threads class SMR info:
_java_thread_list=0x00007ffbe791c058, length=0, elements={
}

Java Threads: ( => current thread )

Other Threads:
  0x0000018679717580 GCTaskThread "GC Thread#0" [stack: 0x00000077bbd00000,0x00000077bbe00000] [id=16232]
  0x0000018679729140 ConcurrentGCThread "G1 Main Marker" [stack: 0x00000077bbe00000,0x00000077bbf00000] [id=14488]
  0x000001867972a100 ConcurrentGCThread "G1 Conc#0" [stack: 0x00000077bbf00000,0x00000077bc000000] [id=14472]

[error occurred during error reporting (printing all threads), id 0xc0000005, EXCEPTION_ACCESS_VIOLATION (0xc0000005) at pc=0x00007ffbe70d0797]

VM state: not at safepoint (not fully initialized)

VM Mutex/Monitor currently owned by a thread:  ([mutex/lock_event])
[0x00000186773ad900] Heap_lock - owner thread: 0x00000186796be090

Heap address: 0x0000000081800000, size: 2024 MB, Compressed Oops mode: 32-bit

CDS archive(s) mapped at: [0x0000000000000000-0x0000000000000000-0x0000000000000000), size 0, SharedBaseAddress: 0x0000000800000000, ArchiveRelocationMode: 0.
Narrow klass base: 0x0000000000000000, Narrow klass shift: 0, Narrow klass range: 0x0

GC Precious Log:
<Empty>

Heap:
 garbage-first heap   total 0K, used 0K [0x0000000081800000, 0x0000000100000000)
  region size 1024K, 0 young (0K), 0 survivors (0K)

[error occurred during error reporting (printing heap information), id 0xc0000005, EXCEPTION_ACCESS_VIOLATION (0xc0000005) at pc=0x00007ffbe74bd939]

GC Heap History (0 events):
No events

Dll operation events (1 events):
Event: 0.014 Loaded shared library C:\Program Files\JetBrains\WebStorm 2022.3.2\jbr\bin\java.dll

Deoptimization events (0 events):
No events

Classes unloaded (0 events):
No events

Classes redefined (0 events):
No events

Internal exceptions (0 events):
No events

VM Operations (0 events):
No events

Events (0 events):
No events


Dynamic libraries:
0x00007ff6b91d0000 - 0x00007ff6b91da000 	C:\Program Files\JetBrains\WebStorm 2022.3.2\jbr\bin\java.exe
0x00007ffc5d850000 - 0x00007ffc5da64000 	C:\WINDOWS\SYSTEM32\ntdll.dll
0x00007ffc5b690000 - 0x00007ffc5b752000 	C:\WINDOWS\System32\KERNEL32.DLL
0x00007ffc5b0f0000 - 0x00007ffc5b48c000 	C:\WINDOWS\System32\KERNELBASE.dll
0x00007ffc5b490000 - 0x00007ffc5b5a1000 	C:\WINDOWS\System32\ucrtbase.dll
0x00007ffc42f10000 - 0x00007ffc42f2b000 	C:\Program Files\JetBrains\WebStorm 2022.3.2\jbr\bin\VCRUNTIME140.dll
0x00007ffc2acf0000 - 0x00007ffc2ad07000 	C:\Program Files\JetBrains\WebStorm 2022.3.2\jbr\bin\jli.dll
0x00007ffc5cc50000 - 0x00007ffc5cdfb000 	C:\WINDOWS\System32\USER32.dll
0x00007ffc5b630000 - 0x00007ffc5b656000 	C:\WINDOWS\System32\win32u.dll
0x00007ffc531f0000 - 0x00007ffc5347e000 	C:\WINDOWS\WinSxS\amd64_microsoft.windows.common-controls_6595b64144ccf1df_6.0.22621.608_none_a9444ca7c10bb01d\COMCTL32.dll
0x00007ffc5d690000 - 0x00007ffc5d6b9000 	C:\WINDOWS\System32\GDI32.dll
0x00007ffc5b8f0000 - 0x00007ffc5b997000 	C:\WINDOWS\System32\msvcrt.dll
0x00007ffc5ac90000 - 0x00007ffc5ada3000 	C:\WINDOWS\System32\gdi32full.dll
0x00007ffc5aee0000 - 0x00007ffc5af7a000 	C:\WINDOWS\System32\msvcp_win.dll
0x00007ffc5d530000 - 0x00007ffc5d561000 	C:\WINDOWS\System32\IMM32.DLL
0x00007ffc5a590000 - 0x00007ffc5a5db000 	C:\WINDOWS\SYSTEM32\AvCNG.dll
0x00007ffc5ce70000 - 0x00007ffc5cf1e000 	C:\WINDOWS\System32\ADVAPI32.dll
0x00007ffc5b760000 - 0x00007ffc5b804000 	C:\WINDOWS\System32\sechost.dll
0x00007ffc5d300000 - 0x00007ffc5d417000 	C:\WINDOWS\System32\RPCRT4.dll
0x00007ffc5a5e0000 - 0x00007ffc5a608000 	C:\WINDOWS\SYSTEM32\bcrypt.dll
0x00007ffc5a4c0000 - 0x00007ffc5a555000 	C:\Program Files\Common Files\Avest\Avest CSP\avsspc.dll
0x00007ffc5ce00000 - 0x00007ffc5ce5e000 	C:\WINDOWS\System32\SHLWAPI.dll
0x00007ffc57490000 - 0x00007ffc5749c000 	C:\Program Files\JetBrains\WebStorm 2022.3.2\jbr\bin\vcruntime140_1.dll
0x00007ffc3bac0000 - 0x00007ffc3bb4d000 	C:\Program Files\JetBrains\WebStorm 2022.3.2\jbr\bin\msvcp140.dll
0x00007ffbe6de0000 - 0x00007ffbe7a4d000 	C:\Program Files\JetBrains\WebStorm 2022.3.2\jbr\bin\server\jvm.dll
0x00007ffc50fc0000 - 0x00007ffc50ff4000 	C:\WINDOWS\SYSTEM32\WINMM.dll
0x00007ffc57d10000 - 0x00007ffc57d1a000 	C:\WINDOWS\SYSTEM32\VERSION.dll
0x00007ffc3c580000 - 0x00007ffc3c589000 	C:\WINDOWS\SYSTEM32\WSOCK32.dll
0x00007ffc5ba10000 - 0x00007ffc5ba81000 	C:\WINDOWS\System32\WS2_32.dll
0x00007ffc59bf0000 - 0x00007ffc59c08000 	C:\WINDOWS\SYSTEM32\kernel.appcore.dll
0x00007ffc44080000 - 0x00007ffc4408a000 	C:\Program Files\JetBrains\WebStorm 2022.3.2\jbr\bin\jimage.dll
0x00007ffc58810000 - 0x00007ffc58a3e000 	C:\WINDOWS\SYSTEM32\DBGHELP.DLL
0x00007ffc5c8c0000 - 0x00007ffc5cc49000 	C:\WINDOWS\System32\combase.dll
0x00007ffc5b810000 - 0x00007ffc5b8e7000 	C:\WINDOWS\System32\OLEAUT32.dll
0x00007ffc3e920000 - 0x00007ffc3e952000 	C:\WINDOWS\SYSTEM32\dbgcore.DLL
0x00007ffc5b5b0000 - 0x00007ffc5b62b000 	C:\WINDOWS\System32\bcryptPrimitives.dll
0x00007ffc08930000 - 0x00007ffc08955000 	C:\Program Files\JetBrains\WebStorm 2022.3.2\jbr\bin\java.dll

dbghelp: loaded successfully - version: 4.0.5 - missing functions: none
symbol engine: initialized successfully - sym options: 0x614 - pdb path: .;C:\Program Files\JetBrains\WebStorm 2022.3.2\jbr\bin;C:\WINDOWS\SYSTEM32;C:\WINDOWS\WinSxS\amd64_microsoft.windows.common-controls_6595b64144ccf1df_6.0.22621.608_none_a9444ca7c10bb01d;C:\Program Files\Common Files\Avest\Avest CSP;C:\Program Files\JetBrains\WebStorm 2022.3.2\jbr\bin\server

VM Arguments:
java_command: git4idea.http.GitAskPassApp Username for 'https://github.com': 
java_class_path (initial): C:/Program Files/JetBrains/WebStorm 2022.3.2/plugins/vcs-git/lib/git4idea-rt.jar;C:/Program Files/JetBrains/WebStorm 2022.3.2/lib/externalProcess-rt.jar
Launcher Type: SUN_STANDARD

[Global flags]
     intx CICompilerCount                          = 3                                         {product} {ergonomic}
     uint ConcGCThreads                            = 1                                         {product} {ergonomic}
     uint G1ConcRefinementThreads                  = 4                                         {product} {ergonomic}
   size_t G1HeapRegionSize                         = 1048576                                   {product} {ergonomic}
    uintx GCDrainStackTargetSize                   = 64                                        {product} {ergonomic}
   size_t InitialHeapSize                          = 134217728                                 {product} {ergonomic}
   size_t MarkStackSize                            = 4194304                                   {product} {ergonomic}
   size_t MaxHeapSize                              = 2122317824                                {product} {ergonomic}
   size_t MinHeapDeltaBytes                        = 1048576                                   {product} {ergonomic}
   size_t MinHeapSize                              = 8388608                                   {product} {ergonomic}
    uintx NonNMethodCodeHeapSize                   = 5832780                                {pd product} {ergonomic}
    uintx NonProfiledCodeHeapSize                  = 122912730                              {pd product} {ergonomic}
    uintx ProfiledCodeHeapSize                     = 122912730                              {pd product} {ergonomic}
    uintx ReservedCodeCacheSize                    = 251658240                              {pd product} {ergonomic}
     bool SegmentedCodeCache                       = true                                      {product} {ergonomic}
   size_t SoftMaxHeapSize                          = 2122317824                             {manageable} {ergonomic}
     bool UseCompressedClassPointers               = true                           {product lp64_product} {ergonomic}
     bool UseCompressedOops                        = true                           {product lp64_product} {ergonomic}
     bool UseG1GC                                  = true                                      {product} {ergonomic}
     bool UseLargePagesIndividualAllocation        = false                                  {pd product} {ergonomic}

Logging:
Log output configuration:
 #0: stdout all=warning uptime,level,tags
 #1: stderr all=off uptime,level,tags

Environment Variables:
PATH=C:/Program Files/Git/mingw64/libexec/git-core;C:/Program Files/Git/mingw64/libexec/git-core;C:\Program Files\Git\mingw64\bin;C:\Program Files\Git\usr\bin;C:\Users\user\bin;C:\Program Files (x86)\Common Files\Intel\Shared Libraries\redist\intel64\compiler;C:\Program Files (x86)\Common Files\Oracle\Java\javapath;C:\Program Files (x86)\Intel\iCLS Client\;C:\Program Files\Intel\iCLS Client\;C:\WINDOWS\system32;C:\WINDOWS;C:\WINDOWS\System32\Wbem;C:\WINDOWS\System32\WindowsPowerShell\v1.0\;C:\Program Files (x86)\Intel\Intel(R) Management Engine Components\DAL;C:\Program Files\Intel\Intel(R) Management Engine Components\DAL;C:\Program Files (x86)\Intel\Intel(R) Management Engine Components\IPT;C:\Program Files\Intel\Intel(R) Management Engine Components\IPT;C:\Program Files\Intel\WiFi\bin\;C:\Program Files\Common Files\Intel\WirelessCommon\;C:\WINDOWS\System32\OpenSSH\;C:\Program Files\Avest\AvPCM_BGPB;C:\Program Files (x86)\Avest\AvPCM_nces;C:\Program Files\PuTTY\;C:\Program Files\Git\cmd;C:\Program Files\nodejs\;C:\Program Files\Cloudflare\Cloudflare WARP\;C:\Users\user\AppData\Local\Microsoft\WindowsApps;C:\Users\user\AppData\Local\Programs\Microsoft VS Code\bin;C:\Users\user\AppData\Local\GitHubDesktop\bin;C:\Users\user\AppData\Roaming\npm
USERNAME=user
DISPLAY=:0.0
LC_ALL=en_US.UTF-8
TERM=xterm-256color
TMPDIR=C:\Users\user\AppData\Local\Temp
OS=Windows_NT
PROCESSOR_IDENTIFIER=Intel64 Family 6 Model 78 Stepping 3, GenuineIntel
TMP=C:\Users\user\AppData\Local\Temp
TEMP=C:\Users\user\AppData\Local\Temp



---------------  S Y S T E M  ---------------

OS:
 Windows 11 , 64 bit Build 22621 (10.0.22621.1485)
OS uptime: 0 days 14:04 hours

CPU: total 4 (initial active 4) (2 cores per cpu, 2 threads per core) family 6 model 78 stepping 3 microcode 0xd6, cx8, cmov, fxsr, ht, mmx, 3dnowpref, sse, sse2, sse3, ssse3, sse4.1, sse4.2, popcnt, lzcnt, tsc, tscinvbit, avx, avx2, aes, erms, clmul, bmi1, bmi2, adx, fma, vzeroupper, clflush, clflushopt

Memory: 4k page, system-wide physical 8095M (569M free)
TotalPageFile size 22830M (AvailPageFile size 91M)
current process WorkingSet (physical memory assigned to process): 11M, peak: 11M
current process commit charge ("private bytes"): 52M, peak: 180M

vm_info: OpenJDK 64-Bit Server VM (17.0.6+10-b829.5) for windows-amd64 JRE (17.0.6+10-b829.5), built on 2023-02-24 by "builduser" with MS VC++ 16.10 / 16.11 (VS2019)

END.
